2024-09-02 00:53:49 INFO  c.p.f.FoodserviceApplication - Starting FoodserviceApplication using Java 17.0.12 with PID 15452 (C:\Users\nabha\IdeaProjects\foodservice\target\classes started by nabha in C:\Users\nabha\IdeaProjects\foodservice)
2024-09-02 00:53:49 DEBUG c.p.f.FoodserviceApplication - Running with Spring Boot v3.3.3, Spring v6.1.12
2024-09-02 00:53:49 INFO  c.p.f.FoodserviceApplication - No active profile set, falling back to 1 default profile: "default"
2024-09-02 00:53:49 INFO  o.s.b.d.e.DevToolsPropertyDefaultsPostProcessor - Devtools property defaults active! Set 'spring.devtools.add-properties' to 'false' to disable
2024-09-02 00:53:49 INFO  o.s.b.d.e.DevToolsPropertyDefaultsPostProcessor - For additional web related logging consider setting the 'logging.level.web' property to 'DEBUG'
2024-09-02 00:53:51 INFO  o.s.d.r.c.RepositoryConfigurationDelegate - Bootstrapping Spring Data JPA repositories in DEFAULT mode.
2024-09-02 00:53:51 INFO  o.s.d.r.c.RepositoryConfigurationDelegate - Finished Spring Data repository scanning in 224 ms. Found 1 JPA repository interface.
2024-09-02 00:53:52 INFO  o.s.cloud.context.scope.GenericScope - BeanFactory id=426011ab-c960-3afe-86c0-63dcffb0ba2a
2024-09-02 00:53:52 WARN  o.s.c.s.PostProcessorRegistrationDelegate$BeanPostProcessorChecker - Bean 'org.springframework.cloud.client.loadbalancer.LoadBalancerAutoConfiguration$DeferringLoadBalancerInterceptorConfig' of type [org.springframework.cloud.client.loadbalancer.LoadBalancerAutoConfiguration$DeferringLoadBalancerInterceptorConfig] is not eligible for getting processed by all BeanPostProcessors (for example: not eligible for auto-proxying). The currently created BeanPostProcessor [lbRestClientPostProcessor] is declared through a non-static factory method on that class; consider declaring it as static instead.
2024-09-02 00:53:52 WARN  o.s.c.s.PostProcessorRegistrationDelegate$BeanPostProcessorChecker - Bean 'deferringLoadBalancerInterceptor' of type [org.springframework.cloud.client.loadbalancer.DeferringLoadBalancerInterceptor] is not eligible for getting processed by all BeanPostProcessors (for example: not eligible for auto-proxying). Is this bean getting eagerly injected into a currently created BeanPostProcessor [lbRestClientPostProcessor]? Check the corresponding BeanPostProcessor declaration and its dependencies.
2024-09-02 00:53:54 INFO  o.s.b.w.e.tomcat.TomcatWebServer - Tomcat initialized with port 9091 (http)
2024-09-02 00:53:54 INFO  o.a.catalina.core.StandardService - Starting service [Tomcat]
2024-09-02 00:53:54 INFO  o.a.catalina.core.StandardEngine - Starting Servlet engine: [Apache Tomcat/10.1.28]
2024-09-02 00:53:54 INFO  o.a.c.c.C.[.[localhost].[/client1] - Initializing Spring embedded WebApplicationContext
2024-09-02 00:53:54 INFO  o.s.b.w.s.c.ServletWebServerApplicationContext - Root WebApplicationContext: initialization completed in 4933 ms
2024-09-02 00:53:54 INFO  o.h.jpa.internal.util.LogHelper - HHH000204: Processing PersistenceUnitInfo [name: default]
2024-09-02 00:53:55 INFO  org.hibernate.Version - HHH000412: Hibernate ORM core version 6.5.2.Final
2024-09-02 00:53:55 INFO  o.h.c.i.RegionFactoryInitiator - HHH000026: Second-level cache disabled
2024-09-02 00:53:55 INFO  o.s.o.j.p.SpringPersistenceUnitInfo - No LoadTimeWeaver setup: ignoring JPA class transformer
2024-09-02 00:53:55 INFO  com.zaxxer.hikari.HikariDataSource - HikariPool-1 - Starting...
2024-09-02 00:53:56 INFO  com.zaxxer.hikari.pool.HikariPool - HikariPool-1 - Added connection com.mysql.cj.jdbc.ConnectionImpl@246c6fd5
2024-09-02 00:53:56 INFO  com.zaxxer.hikari.HikariDataSource - HikariPool-1 - Start completed.
2024-09-02 00:53:56 WARN  org.hibernate.orm.deprecation - HHH90000025: MySQLDialect does not need to be specified explicitly using 'hibernate.dialect' (remove the property setting and it will be selected by default)
2024-09-02 00:53:57 INFO  o.h.e.t.j.p.i.JtaPlatformInitiator - HHH000489: No JTA platform available (set 'hibernate.transaction.jta.platform' to enable JTA platform integration)
2024-09-02 00:53:57 INFO  o.s.o.j.LocalContainerEntityManagerFactoryBean - Initialized JPA EntityManagerFactory for persistence unit 'default'
2024-09-02 00:53:58 WARN  o.s.b.a.o.j.JpaBaseConfiguration$JpaWebConfiguration - spring.jpa.open-in-view is enabled by default. Therefore, database queries may be performed during view rendering. Explicitly configure spring.jpa.open-in-view to disable this warning
2024-09-02 00:54:00 WARN  o.s.b.d.a.OptionalLiveReloadServer - Unable to start LiveReload server
2024-09-02 00:54:01 INFO  o.s.c.n.e.c.DiscoveryClientOptionalArgsConfiguration - Eureka HTTP Client uses RestTemplate.
2024-09-02 00:54:01 WARN  o.s.c.l.c.LoadBalancerCacheAutoConfiguration$LoadBalancerCaffeineWarnLogger - Spring Cloud LoadBalancer is currently working with the default cache. While this cache implementation is useful for development and tests, it's recommended to use Caffeine cache in production.You can switch to using Caffeine cache, by adding it and org.springframework.cache.caffeine.CaffeineCacheManager to the classpath.
2024-09-02 00:54:01 INFO  o.s.b.a.e.web.EndpointLinksResolver - Exposing 19 endpoints beneath base path '/actuator'
2024-09-02 00:54:01 INFO  o.s.c.n.eureka.InstanceInfoFactory - Setting initial instance status as: STARTING
2024-09-02 00:54:01 INFO  c.netflix.discovery.DiscoveryClient - Initializing Eureka in region us-east-1
2024-09-02 00:54:01 INFO  c.n.d.s.r.aws.ConfigClusterResolver - Resolving eureka endpoints via configuration
2024-09-02 00:54:01 INFO  c.netflix.discovery.DiscoveryClient - Disable delta property : false
2024-09-02 00:54:01 INFO  c.netflix.discovery.DiscoveryClient - Single vip registry refresh property : null
2024-09-02 00:54:01 INFO  c.netflix.discovery.DiscoveryClient - Force full registry fetch : false
2024-09-02 00:54:01 INFO  c.netflix.discovery.DiscoveryClient - Application is null : false
2024-09-02 00:54:01 INFO  c.netflix.discovery.DiscoveryClient - Registered Applications size is zero : true
2024-09-02 00:54:01 INFO  c.netflix.discovery.DiscoveryClient - Application version is -1: true
2024-09-02 00:54:01 INFO  c.netflix.discovery.DiscoveryClient - Getting all instance registry info from the eureka server
2024-09-02 00:54:02 INFO  c.netflix.discovery.DiscoveryClient - The response status is 200
2024-09-02 00:54:02 INFO  c.netflix.discovery.DiscoveryClient - Starting heartbeat executor: renew interval is: 30
2024-09-02 00:54:02 INFO  c.n.discovery.InstanceInfoReplicator - InstanceInfoReplicator onDemand update allowed rate per min is 4
2024-09-02 00:54:02 INFO  c.netflix.discovery.DiscoveryClient - Discovery Client initialized at timestamp 1725218642550 with initial instances count: 0
2024-09-02 00:54:02 INFO  o.s.c.n.e.s.EurekaServiceRegistry - Registering application FOODSERVICE with eureka with status UP
2024-09-02 00:54:02 INFO  c.netflix.discovery.DiscoveryClient - Saw local status change event StatusChangeEvent [timestamp=1725218642570, current=UP, previous=STARTING]
2024-09-02 00:54:02 INFO  c.netflix.discovery.DiscoveryClient - DiscoveryClient_FOODSERVICE/DESKTOP-N21KF0D:foodservice:9091: registering service...
2024-09-02 00:54:02 INFO  o.s.b.w.e.tomcat.TomcatWebServer - Tomcat started on port 9091 (http) with context path '/client1'
2024-09-02 00:54:02 INFO  o.s.c.n.e.s.EurekaAutoServiceRegistration - Updating port to 9091
2024-09-02 00:54:02 INFO  c.p.f.FoodserviceApplication - Started FoodserviceApplication in 15.023 seconds (process running for 16.056)
2024-09-02 00:54:02 INFO  c.netflix.discovery.DiscoveryClient - DiscoveryClient_FOODSERVICE/DESKTOP-N21KF0D:foodservice:9091 - registration status: 204
2024-09-02 00:54:32 INFO  c.netflix.discovery.DiscoveryClient - Disable delta property : false
2024-09-02 00:54:32 INFO  c.netflix.discovery.DiscoveryClient - Single vip registry refresh property : null
2024-09-02 00:54:32 INFO  c.netflix.discovery.DiscoveryClient - Force full registry fetch : false
2024-09-02 00:54:32 INFO  c.netflix.discovery.DiscoveryClient - Application is null : false
2024-09-02 00:54:32 INFO  c.netflix.discovery.DiscoveryClient - Registered Applications size is zero : true
2024-09-02 00:54:32 INFO  c.netflix.discovery.DiscoveryClient - Application version is -1: false
2024-09-02 00:54:32 INFO  c.netflix.discovery.DiscoveryClient - Getting all instance registry info from the eureka server
2024-09-02 00:54:32 INFO  c.netflix.discovery.DiscoveryClient - The response status is 200
2024-09-02 00:55:01 INFO  o.a.c.c.C.[.[localhost].[/client1] - Initializing Spring DispatcherServlet 'dispatcherServlet'
2024-09-02 00:55:01 INFO  o.s.web.servlet.DispatcherServlet - Initializing Servlet 'dispatcherServlet'
2024-09-02 00:55:01 INFO  o.s.web.servlet.DispatcherServlet - Completed initialization in 4 ms
2024-09-02 00:57:33 INFO  o.s.api.AbstractOpenApiResource - Init duration for springdoc-openapi is: 343 ms
2024-09-02 00:57:40 INFO  c.p.f.controller.MenuItemController - Received request to get dish by ID: 2
2024-09-02 00:57:40 INFO  c.p.f.service.MenuItemService - Attempting to get dish by ID: 2
2024-09-02 00:57:40 INFO  c.p.f.controller.MenuItemController - Successfully retrieved dish with ID 2: MenuItem(dishId=2, dishCategory=Appetizer, dishName=Stuffed Mushrooms, unitPrice=10, dishDesc=Mushrooms stuffed with cheese and herbs, baked to perfection)
2024-09-02 00:59:01 INFO  c.n.d.s.r.aws.ConfigClusterResolver - Resolving eureka endpoints via configuration
2024-09-02 01:04:01 INFO  c.n.d.s.r.aws.ConfigClusterResolver - Resolving eureka endpoints via configuration
2024-09-02 01:09:01 INFO  c.n.d.s.r.aws.ConfigClusterResolver - Resolving eureka endpoints via configuration
2024-09-02 01:14:01 INFO  c.n.d.s.r.aws.ConfigClusterResolver - Resolving eureka endpoints via configuration
2024-09-02 01:19:01 INFO  c.n.d.s.r.aws.ConfigClusterResolver - Resolving eureka endpoints via configuration
2024-09-02 01:24:01 INFO  c.n.d.s.r.aws.ConfigClusterResolver - Resolving eureka endpoints via configuration
2024-09-02 01:29:01 INFO  c.n.d.s.r.aws.ConfigClusterResolver - Resolving eureka endpoints via configuration
2024-09-02 01:34:01 INFO  c.n.d.s.r.aws.ConfigClusterResolver - Resolving eureka endpoints via configuration
2024-09-02 01:39:01 INFO  c.n.d.s.r.aws.ConfigClusterResolver - Resolving eureka endpoints via configuration
2024-09-02 01:44:01 INFO  c.n.d.s.r.aws.ConfigClusterResolver - Resolving eureka endpoints via configuration
2024-09-02 01:49:01 INFO  c.n.d.s.r.aws.ConfigClusterResolver - Resolving eureka endpoints via configuration
2024-09-02 01:54:01 INFO  c.n.d.s.r.aws.ConfigClusterResolver - Resolving eureka endpoints via configuration
2024-09-02 01:59:01 INFO  c.n.d.s.r.aws.ConfigClusterResolver - Resolving eureka endpoints via configuration
2024-09-02 02:04:01 INFO  c.n.d.s.r.aws.ConfigClusterResolver - Resolving eureka endpoints via configuration
2024-09-02 03:17:55 WARN  com.zaxxer.hikari.pool.HikariPool - HikariPool-1 - Thread starvation or clock leap detected (housekeeper delta=1h13m5s17ms628µs400ns).
2024-09-02 03:21:29 INFO  c.n.d.s.r.aws.ConfigClusterResolver - Resolving eureka endpoints via configuration
2024-09-02 08:56:28 INFO  c.n.d.s.r.aws.ConfigClusterResolver - Resolving eureka endpoints via configuration
2024-09-02 09:01:28 INFO  c.n.d.s.r.aws.ConfigClusterResolver - Resolving eureka endpoints via configuration
2024-09-02 09:06:28 INFO  c.n.d.s.r.aws.ConfigClusterResolver - Resolving eureka endpoints via configuration
2024-09-02 09:11:28 INFO  c.n.d.s.r.aws.ConfigClusterResolver - Resolving eureka endpoints via configuration
2024-09-02 09:16:28 INFO  c.n.d.s.r.aws.ConfigClusterResolver - Resolving eureka endpoints via configuration
2024-09-02 09:21:28 INFO  c.n.d.s.r.aws.ConfigClusterResolver - Resolving eureka endpoints via configuration
2024-09-02 09:26:29 INFO  c.n.d.s.r.aws.ConfigClusterResolver - Resolving eureka endpoints via configuration
2024-09-02 09:31:29 INFO  c.n.d.s.r.aws.ConfigClusterResolver - Resolving eureka endpoints via configuration
2024-09-02 09:32:26 INFO  c.p.f.controller.MenuItemController - Received request to get dish by ID: 23
2024-09-02 09:32:26 INFO  c.p.f.service.MenuItemService - Attempting to get dish by ID: 23
2024-09-02 09:32:26 INFO  c.p.f.controller.MenuItemController - Successfully retrieved dish with ID 23: MenuItem(dishId=23, dishCategory=Beverage, dishName=Lemonade, unitPrice=3, dishDesc=Freshly squeezed lemonade with a hint of mint)
2024-09-02 09:32:41 INFO  c.p.f.controller.MenuItemController - Received request to get list of dishes by category: Beverage
2024-09-02 09:32:41 INFO  c.p.f.service.MenuItemService - Attempting to get list of dishes for category: Beverage
2024-09-02 09:32:41 INFO  c.p.f.service.MenuItemService - Fetched list of dishes: [MenuItem(dishId=23, dishCategory=Beverage, dishName=Lemonade, unitPrice=3, dishDesc=Freshly squeezed lemonade with a hint of mint), MenuItem(dishId=24, dishCategory=Beverage, dishName=Iced Tea, unitPrice=3, dishDesc=Chilled black tea served with lemon and sugar), MenuItem(dishId=25, dishCategory=Beverage, dishName=Coffee, unitPrice=4, dishDesc=Freshly brewed coffee, regular or decaf), MenuItem(dishId=26, dishCategory=Beverage, dishName=Green Tea, unitPrice=4, dishDesc=Hot green tea with a delicate flavor), MenuItem(dishId=27, dishCategory=Beverage, dishName=Orange Juice, unitPrice=5, dishDesc=Freshly squeezed orange juice), MenuItem(dishId=28, dishCategory=Beverage, dishName=Smoothie, unitPrice=6, dishDesc=Blended fruit smoothie with yogurt and honey), MenuItem(dishId=29, dishCategory=Beverage, dishName=Sparkling Water, unitPrice=3, dishDesc=Refreshing sparkling water served with a slice of lime), MenuItem(dishId=30, dishCategory=Beverage, dishName=Milkshake, unitPrice=5, dishDesc=Thick and creamy milkshake available in chocolate, vanilla, or strawberry flavors)]
2024-09-02 09:32:41 INFO  c.p.f.service.MenuItemService - Returning list of dishes for category Beverage: [MenuItem(dishId=23, dishCategory=Beverage, dishName=Lemonade, unitPrice=3, dishDesc=Freshly squeezed lemonade with a hint of mint), MenuItem(dishId=24, dishCategory=Beverage, dishName=Iced Tea, unitPrice=3, dishDesc=Chilled black tea served with lemon and sugar), MenuItem(dishId=25, dishCategory=Beverage, dishName=Coffee, unitPrice=4, dishDesc=Freshly brewed coffee, regular or decaf), MenuItem(dishId=26, dishCategory=Beverage, dishName=Green Tea, unitPrice=4, dishDesc=Hot green tea with a delicate flavor), MenuItem(dishId=27, dishCategory=Beverage, dishName=Orange Juice, unitPrice=5, dishDesc=Freshly squeezed orange juice), MenuItem(dishId=28, dishCategory=Beverage, dishName=Smoothie, unitPrice=6, dishDesc=Blended fruit smoothie with yogurt and honey), MenuItem(dishId=29, dishCategory=Beverage, dishName=Sparkling Water, unitPrice=3, dishDesc=Refreshing sparkling water served with a slice of lime), MenuItem(dishId=30, dishCategory=Beverage, dishName=Milkshake, unitPrice=5, dishDesc=Thick and creamy milkshake available in chocolate, vanilla, or strawberry flavors)]
2024-09-02 09:32:41 INFO  c.p.f.controller.MenuItemController - Successfully retrieved dishes for category Beverage: [MenuItem(dishId=23, dishCategory=Beverage, dishName=Lemonade, unitPrice=3, dishDesc=Freshly squeezed lemonade with a hint of mint), MenuItem(dishId=24, dishCategory=Beverage, dishName=Iced Tea, unitPrice=3, dishDesc=Chilled black tea served with lemon and sugar), MenuItem(dishId=25, dishCategory=Beverage, dishName=Coffee, unitPrice=4, dishDesc=Freshly brewed coffee, regular or decaf), MenuItem(dishId=26, dishCategory=Beverage, dishName=Green Tea, unitPrice=4, dishDesc=Hot green tea with a delicate flavor), MenuItem(dishId=27, dishCategory=Beverage, dishName=Orange Juice, unitPrice=5, dishDesc=Freshly squeezed orange juice), MenuItem(dishId=28, dishCategory=Beverage, dishName=Smoothie, unitPrice=6, dishDesc=Blended fruit smoothie with yogurt and honey), MenuItem(dishId=29, dishCategory=Beverage, dishName=Sparkling Water, unitPrice=3, dishDesc=Refreshing sparkling water served with a slice of lime), MenuItem(dishId=30, dishCategory=Beverage, dishName=Milkshake, unitPrice=5, dishDesc=Thick and creamy milkshake available in chocolate, vanilla, or strawberry flavors)]
2024-09-02 09:36:29 INFO  c.n.d.s.r.aws.ConfigClusterResolver - Resolving eureka endpoints via configuration
2024-09-02 09:41:29 INFO  c.n.d.s.r.aws.ConfigClusterResolver - Resolving eureka endpoints via configuration
2024-09-02 09:46:29 INFO  c.n.d.s.r.aws.ConfigClusterResolver - Resolving eureka endpoints via configuration
2024-09-02 09:51:29 INFO  c.n.d.s.r.aws.ConfigClusterResolver - Resolving eureka endpoints via configuration
2024-09-02 09:56:29 INFO  c.n.d.s.r.aws.ConfigClusterResolver - Resolving eureka endpoints via configuration
